2025-01-23T19:14:46.253-05:00  INFO 35749 --- [StudentClubManagement] [restartedMain] o.s.StudentClubManagementApplication     : Starting StudentClubManagementApplication using Java 21 with PID 35749 (/Users/ranjith/Desktop/Projects/SCM/StudentClubManagment/server/StudentClubManagement/target/classes started by ranjith in /Users/ranjith/Desktop/Projects/SCM/StudentClubManagment/server/StudentClubManagement)
2025-01-23T19:14:46.254-05:00  INFO 35749 --- [StudentClubManagement] [restartedMain] o.s.StudentClubManagementApplication     : No active profile set, falling back to 1 default profile: "default"
2025-01-23T19:14:46.270-05:00  INFO 35749 --- [StudentClubManagement] [restartedMain] .e.DevToolsPropertyDefaultsPostProcessor : Devtools property defaults active! Set 'spring.devtools.add-properties' to 'false' to disable
2025-01-23T19:14:46.270-05:00  INFO 35749 --- [StudentClubManagement] [restartedMain] .e.DevToolsPropertyDefaultsPostProcessor : For additional web related logging consider setting the 'logging.level.web' property to 'DEBUG'
2025-01-23T19:14:46.582-05:00  INFO 35749 --- [StudentClubManagement] [restartedMain] .s.d.r.c.RepositoryConfigurationDelegate : Bootstrapping Spring Data JPA repositories in DEFAULT mode.
2025-01-23T19:14:46.606-05:00  INFO 35749 --- [StudentClubManagement] [restartedMain] .s.d.r.c.RepositoryConfigurationDelegate : Finished Spring Data repository scanning in 20 ms. Found 8 JPA repository interfaces.
2025-01-23T19:14:46.829-05:00  INFO 35749 --- [StudentClubManagement] [restartedMain] o.s.b.w.embedded.tomcat.TomcatWebServer  : Tomcat initialized with port 8261 (http)
2025-01-23T19:14:46.834-05:00  INFO 35749 --- [StudentClubManagement] [restartedMain] o.apache.catalina.core.StandardService   : Starting service [Tomcat]
2025-01-23T19:14:46.834-05:00  INFO 35749 --- [StudentClubManagement] [restartedMain] o.apache.catalina.core.StandardEngine    : Starting Servlet engine: [Apache Tomcat/10.1.34]
2025-01-23T19:14:46.850-05:00  INFO 35749 --- [StudentClubManagement] [restartedMain] o.a.c.c.C.[Tomcat].[localhost].[/]       : Initializing Spring embedded WebApplicationContext
2025-01-23T19:14:46.850-05:00  INFO 35749 --- [StudentClubManagement] [restartedMain] w.s.c.ServletWebServerApplicationContext : Root WebApplicationContext: initialization completed in 580 ms
2025-01-23T19:14:46.920-05:00  INFO 35749 --- [StudentClubManagement] [restartedMain] o.hibernate.jpa.internal.util.LogHelper  : HHH000204: Processing PersistenceUnitInfo [name: default]
2025-01-23T19:14:46.948-05:00  INFO 35749 --- [StudentClubManagement] [restartedMain] org.hibernate.Version                    : HHH000412: Hibernate ORM core version 6.6.5.Final
2025-01-23T19:14:46.961-05:00  INFO 35749 --- [StudentClubManagement] [restartedMain] o.h.c.internal.RegionFactoryInitiator    : HHH000026: Second-level cache disabled
2025-01-23T19:14:47.064-05:00  INFO 35749 --- [StudentClubManagement] [restartedMain] o.s.o.j.p.SpringPersistenceUnitInfo      : No LoadTimeWeaver setup: ignoring JPA class transformer
2025-01-23T19:14:47.078-05:00  INFO 35749 --- [StudentClubManagement] [restartedMain] com.zaxxer.hikari.HikariDataSource       : HikariPool-1 - Starting...
2025-01-23T19:14:47.146-05:00  INFO 35749 --- [StudentClubManagement] [restartedMain] com.zaxxer.hikari.pool.HikariPool        : HikariPool-1 - Added connection com.mysql.cj.jdbc.ConnectionImpl@38bdf7a9
2025-01-23T19:14:47.147-05:00  INFO 35749 --- [StudentClubManagement] [restartedMain] com.zaxxer.hikari.HikariDataSource       : HikariPool-1 - Start completed.
2025-01-23T19:14:47.171-05:00  WARN 35749 --- [StudentClubManagement] [restartedMain] org.hibernate.orm.deprecation            : HHH90000025: MySQLDialect does not need to be specified explicitly using 'hibernate.dialect' (remove the property setting and it will be selected by default)
2025-01-23T19:14:47.177-05:00  INFO 35749 --- [StudentClubManagement] [restartedMain] org.hibernate.orm.connections.pooling    : HHH10001005: Database info:
	Database JDBC URL [Connecting through datasource 'HikariDataSource (HikariPool-1)']
	Database driver: undefined/unknown
	Database version: 9.1
	Autocommit mode: undefined/unknown
	Isolation level: undefined/unknown
	Minimum pool size: undefined/unknown
	Maximum pool size: undefined/unknown
2025-01-23T19:14:47.608-05:00  INFO 35749 --- [StudentClubManagement] [restartedMain] o.h.e.t.j.p.i.JtaPlatformInitiator       : HHH000489: No JTA platform available (set 'hibernate.transaction.jta.platform' to enable JTA platform integration)
2025-01-23T19:14:47.680-05:00  INFO 35749 --- [StudentClubManagement] [restartedMain] j.LocalContainerEntityManagerFactoryBean : Initialized JPA EntityManagerFactory for persistence unit 'default'
2025-01-23T19:14:47.858-05:00  WARN 35749 --- [StudentClubManagement] [restartedMain] JpaBaseConfiguration$JpaWebConfiguration : spring.jpa.open-in-view is enabled by default. Therefore, database queries may be performed during view rendering. Explicitly configure spring.jpa.open-in-view to disable this warning
2025-01-23T19:14:48.021-05:00  INFO 35749 --- [StudentClubManagement] [restartedMain] o.s.b.a.h2.H2ConsoleAutoConfiguration    : H2 console available at '/h2-console'. Database available at 'jdbc:mysql://localhost:3306/StudentClubManagement?useSSL=false&serverTimezone=UTC'
2025-01-23T19:14:48.052-05:00  INFO 35749 --- [StudentClubManagement] [restartedMain] r$InitializeUserDetailsManagerConfigurer : Global AuthenticationManager configured with UserDetailsService bean with name inMemoryUserDetailsManager
2025-01-23T19:14:48.108-05:00  INFO 35749 --- [StudentClubManagement] [restartedMain] o.s.b.d.a.OptionalLiveReloadServer       : LiveReload server is running on port 35729
2025-01-23T19:14:48.128-05:00  INFO 35749 --- [StudentClubManagement] [restartedMain] o.s.b.w.embedded.tomcat.TomcatWebServer  : Tomcat started on port 8261 (http) with context path '/'
2025-01-23T19:14:48.133-05:00  INFO 35749 --- [StudentClubManagement] [restartedMain] o.s.StudentClubManagementApplication     : Started StudentClubManagementApplication in 2.047 seconds (process running for 2.404)
2025-01-23T19:15:02.647-05:00  INFO 35749 --- [StudentClubManagement] [http-nio-8261-exec-1] o.a.c.c.C.[Tomcat].[localhost].[/]       : Initializing Spring DispatcherServlet 'dispatcherServlet'
2025-01-23T19:15:02.648-05:00  INFO 35749 --- [StudentClubManagement] [http-nio-8261-exec-1] o.s.web.servlet.DispatcherServlet        : Initializing Servlet 'dispatcherServlet'
2025-01-23T19:15:02.657-05:00  INFO 35749 --- [StudentClubManagement] [http-nio-8261-exec-1] o.s.web.servlet.DispatcherServlet        : Completed initialization in 9 ms
2025-01-23T19:15:30.329-05:00  INFO 35749 --- [StudentClubManagement] [http-nio-8261-exec-9] o.springdoc.api.AbstractOpenApiResource  : Init duration for springdoc-openapi is: 287 ms
2025-01-23T19:16:24.947-05:00 DEBUG 35749 --- [StudentClubManagement] [http-nio-8261-exec-6] org.hibernate.SQL                        : 
    select
        u1_0.user_id,
        u1_0.address,
        u1_0.birthday,
        u1_0.created_at,
        u1_0.email,
        u1_0.first_name,
        u1_0.joined_clubs,
        u1_0.last_name,
        u1_0.password,
        u1_0.phone,
        u1_0.role,
        u1_0.updated_at 
    from
        user u1_0 
    where
        u1_0.user_id=?
2025-01-23T19:19:42.550-05:00  INFO 35749 --- [StudentClubManagement] [SpringApplicationShutdownHook] o.s.b.w.e.tomcat.GracefulShutdown        : Commencing graceful shutdown. Waiting for active requests to complete
2025-01-23T19:19:42.554-05:00  INFO 35749 --- [StudentClubManagement] [tomcat-shutdown] o.s.b.w.e.tomcat.GracefulShutdown        : Graceful shutdown complete
2025-01-23T19:19:42.569-05:00  INFO 35749 --- [StudentClubManagement] [SpringApplicationShutdownHook] j.LocalContainerEntityManagerFactoryBean : Closing JPA EntityManagerFactory for persistence unit 'default'
2025-01-23T19:19:42.574-05:00  INFO 35749 --- [StudentClubManagement] [SpringApplicationShutdownHook] com.zaxxer.hikari.HikariDataSource       : HikariPool-1 - Shutdown initiated...
2025-01-23T19:19:42.581-05:00  INFO 35749 --- [StudentClubManagement] [SpringApplicationShutdownHook] com.zaxxer.hikari.HikariDataSource       : HikariPool-1 - Shutdown completed.
2025-01-23T19:26:39.411-05:00  INFO 35993 --- [StudentClubManagement] [restartedMain] o.s.StudentClubManagementApplication     : Starting StudentClubManagementApplication using Java 21 with PID 35993 (/Users/ranjith/Desktop/Projects/SCM/StudentClubManagment/server/StudentClubManagement/target/classes started by ranjith in /Users/ranjith/Desktop/Projects/SCM/StudentClubManagment/server/StudentClubManagement)
2025-01-23T19:26:39.412-05:00  INFO 35993 --- [StudentClubManagement] [restartedMain] o.s.StudentClubManagementApplication     : No active profile set, falling back to 1 default profile: "default"
2025-01-23T19:26:39.430-05:00  INFO 35993 --- [StudentClubManagement] [restartedMain] .e.DevToolsPropertyDefaultsPostProcessor : Devtools property defaults active! Set 'spring.devtools.add-properties' to 'false' to disable
2025-01-23T19:26:39.430-05:00  INFO 35993 --- [StudentClubManagement] [restartedMain] .e.DevToolsPropertyDefaultsPostProcessor : For additional web related logging consider setting the 'logging.level.web' property to 'DEBUG'
2025-01-23T19:26:39.758-05:00  INFO 35993 --- [StudentClubManagement] [restartedMain] .s.d.r.c.RepositoryConfigurationDelegate : Bootstrapping Spring Data JPA repositories in DEFAULT mode.
2025-01-23T19:26:39.782-05:00  INFO 35993 --- [StudentClubManagement] [restartedMain] .s.d.r.c.RepositoryConfigurationDelegate : Finished Spring Data repository scanning in 20 ms. Found 8 JPA repository interfaces.
2025-01-23T19:26:40.059-05:00  INFO 35993 --- [StudentClubManagement] [restartedMain] o.s.b.w.embedded.tomcat.TomcatWebServer  : Tomcat initialized with port 8261 (http)
2025-01-23T19:26:40.066-05:00  INFO 35993 --- [StudentClubManagement] [restartedMain] o.apache.catalina.core.StandardService   : Starting service [Tomcat]
2025-01-23T19:26:40.066-05:00  INFO 35993 --- [StudentClubManagement] [restartedMain] o.apache.catalina.core.StandardEngine    : Starting Servlet engine: [Apache Tomcat/10.1.34]
2025-01-23T19:26:40.085-05:00  INFO 35993 --- [StudentClubManagement] [restartedMain] o.a.c.c.C.[Tomcat].[localhost].[/]       : Initializing Spring embedded WebApplicationContext
2025-01-23T19:26:40.085-05:00  INFO 35993 --- [StudentClubManagement] [restartedMain] w.s.c.ServletWebServerApplicationContext : Root WebApplicationContext: initialization completed in 655 ms
2025-01-23T19:26:40.162-05:00  INFO 35993 --- [StudentClubManagement] [restartedMain] o.hibernate.jpa.internal.util.LogHelper  : HHH000204: Processing PersistenceUnitInfo [name: default]
2025-01-23T19:26:40.189-05:00  INFO 35993 --- [StudentClubManagement] [restartedMain] org.hibernate.Version                    : HHH000412: Hibernate ORM core version 6.6.5.Final
2025-01-23T19:26:40.202-05:00  INFO 35993 --- [StudentClubManagement] [restartedMain] o.h.c.internal.RegionFactoryInitiator    : HHH000026: Second-level cache disabled
2025-01-23T19:26:40.309-05:00  INFO 35993 --- [StudentClubManagement] [restartedMain] o.s.o.j.p.SpringPersistenceUnitInfo      : No LoadTimeWeaver setup: ignoring JPA class transformer
2025-01-23T19:26:40.323-05:00  INFO 35993 --- [StudentClubManagement] [restartedMain] com.zaxxer.hikari.HikariDataSource       : HikariPool-1 - Starting...
2025-01-23T19:26:40.408-05:00  INFO 35993 --- [StudentClubManagement] [restartedMain] com.zaxxer.hikari.pool.HikariPool        : HikariPool-1 - Added connection com.mysql.cj.jdbc.ConnectionImpl@5bd76676
2025-01-23T19:26:40.409-05:00  INFO 35993 --- [StudentClubManagement] [restartedMain] com.zaxxer.hikari.HikariDataSource       : HikariPool-1 - Start completed.
2025-01-23T19:26:40.442-05:00  WARN 35993 --- [StudentClubManagement] [restartedMain] org.hibernate.orm.deprecation            : HHH90000025: MySQLDialect does not need to be specified explicitly using 'hibernate.dialect' (remove the property setting and it will be selected by default)
2025-01-23T19:26:40.448-05:00  INFO 35993 --- [StudentClubManagement] [restartedMain] org.hibernate.orm.connections.pooling    : HHH10001005: Database info:
	Database JDBC URL [Connecting through datasource 'HikariDataSource (HikariPool-1)']
	Database driver: undefined/unknown
	Database version: 9.1
	Autocommit mode: undefined/unknown
	Isolation level: undefined/unknown
	Minimum pool size: undefined/unknown
	Maximum pool size: undefined/unknown
2025-01-23T19:26:40.882-05:00  INFO 35993 --- [StudentClubManagement] [restartedMain] o.h.e.t.j.p.i.JtaPlatformInitiator       : HHH000489: No JTA platform available (set 'hibernate.transaction.jta.platform' to enable JTA platform integration)
2025-01-23T19:26:40.959-05:00  INFO 35993 --- [StudentClubManagement] [restartedMain] j.LocalContainerEntityManagerFactoryBean : Initialized JPA EntityManagerFactory for persistence unit 'default'
2025-01-23T19:26:41.135-05:00  WARN 35993 --- [StudentClubManagement] [restartedMain] JpaBaseConfiguration$JpaWebConfiguration : spring.jpa.open-in-view is enabled by default. Therefore, database queries may be performed during view rendering. Explicitly configure spring.jpa.open-in-view to disable this warning
2025-01-23T19:26:41.302-05:00  INFO 35993 --- [StudentClubManagement] [restartedMain] o.s.b.a.h2.H2ConsoleAutoConfiguration    : H2 console available at '/h2-console'. Database available at 'jdbc:mysql://localhost:3306/StudentClubManagement?useSSL=false&serverTimezone=UTC'
2025-01-23T19:26:41.333-05:00  INFO 35993 --- [StudentClubManagement] [restartedMain] r$InitializeUserDetailsManagerConfigurer : Global AuthenticationManager configured with UserDetailsService bean with name inMemoryUserDetailsManager
2025-01-23T19:26:41.391-05:00  INFO 35993 --- [StudentClubManagement] [restartedMain] o.s.b.d.a.OptionalLiveReloadServer       : LiveReload server is running on port 35729
2025-01-23T19:26:41.410-05:00  INFO 35993 --- [StudentClubManagement] [restartedMain] o.s.b.w.embedded.tomcat.TomcatWebServer  : Tomcat started on port 8261 (http) with context path '/'
2025-01-23T19:26:41.418-05:00  INFO 35993 --- [StudentClubManagement] [restartedMain] o.s.StudentClubManagementApplication     : Started StudentClubManagementApplication in 2.183 seconds (process running for 2.531)
2025-01-23T19:26:46.562-05:00  INFO 35993 --- [StudentClubManagement] [http-nio-8261-exec-1] o.a.c.c.C.[Tomcat].[localhost].[/]       : Initializing Spring DispatcherServlet 'dispatcherServlet'
2025-01-23T19:26:46.562-05:00  INFO 35993 --- [StudentClubManagement] [http-nio-8261-exec-1] o.s.web.servlet.DispatcherServlet        : Initializing Servlet 'dispatcherServlet'
2025-01-23T19:26:46.569-05:00  INFO 35993 --- [StudentClubManagement] [http-nio-8261-exec-1] o.s.web.servlet.DispatcherServlet        : Completed initialization in 7 ms
2025-01-23T19:26:47.066-05:00  INFO 35993 --- [StudentClubManagement] [http-nio-8261-exec-9] o.springdoc.api.AbstractOpenApiResource  : Init duration for springdoc-openapi is: 249 ms
2025-01-23T19:32:16.394-05:00  INFO 35993 --- [StudentClubManagement] [SpringApplicationShutdownHook] o.s.b.w.e.tomcat.GracefulShutdown        : Commencing graceful shutdown. Waiting for active requests to complete
2025-01-23T19:32:16.400-05:00  INFO 35993 --- [StudentClubManagement] [tomcat-shutdown] o.s.b.w.e.tomcat.GracefulShutdown        : Graceful shutdown complete
2025-01-23T19:32:16.409-05:00  INFO 35993 --- [StudentClubManagement] [SpringApplicationShutdownHook] j.LocalContainerEntityManagerFactoryBean : Closing JPA EntityManagerFactory for persistence unit 'default'
2025-01-23T19:32:16.417-05:00  INFO 35993 --- [StudentClubManagement] [SpringApplicationShutdownHook] com.zaxxer.hikari.HikariDataSource       : HikariPool-1 - Shutdown initiated...
2025-01-23T19:32:16.425-05:00  INFO 35993 --- [StudentClubManagement] [SpringApplicationShutdownHook] com.zaxxer.hikari.HikariDataSource       : HikariPool-1 - Shutdown completed.
2025-01-23T19:32:18.190-05:00  INFO 36130 --- [StudentClubManagement] [restartedMain] o.s.StudentClubManagementApplication     : Starting StudentClubManagementApplication using Java 21 with PID 36130 (/Users/ranjith/Desktop/Projects/SCM/StudentClubManagment/server/StudentClubManagement/target/classes started by ranjith in /Users/ranjith/Desktop/Projects/SCM/StudentClubManagment/server/StudentClubManagement)
2025-01-23T19:32:18.191-05:00  INFO 36130 --- [StudentClubManagement] [restartedMain] o.s.StudentClubManagementApplication     : No active profile set, falling back to 1 default profile: "default"
2025-01-23T19:32:18.212-05:00  INFO 36130 --- [StudentClubManagement] [restartedMain] .e.DevToolsPropertyDefaultsPostProcessor : Devtools property defaults active! Set 'spring.devtools.add-properties' to 'false' to disable
2025-01-23T19:32:18.212-05:00  INFO 36130 --- [StudentClubManagement] [restartedMain] .e.DevToolsPropertyDefaultsPostProcessor : For additional web related logging consider setting the 'logging.level.web' property to 'DEBUG'
2025-01-23T19:32:18.530-05:00  INFO 36130 --- [StudentClubManagement] [restartedMain] .s.d.r.c.RepositoryConfigurationDelegate : Bootstrapping Spring Data JPA repositories in DEFAULT mode.
2025-01-23T19:32:18.554-05:00  INFO 36130 --- [StudentClubManagement] [restartedMain] .s.d.r.c.RepositoryConfigurationDelegate : Finished Spring Data repository scanning in 20 ms. Found 8 JPA repository interfaces.
2025-01-23T19:32:18.783-05:00  INFO 36130 --- [StudentClubManagement] [restartedMain] o.s.b.w.embedded.tomcat.TomcatWebServer  : Tomcat initialized with port 8261 (http)
2025-01-23T19:32:18.789-05:00  INFO 36130 --- [StudentClubManagement] [restartedMain] o.apache.catalina.core.StandardService   : Starting service [Tomcat]
2025-01-23T19:32:18.789-05:00  INFO 36130 --- [StudentClubManagement] [restartedMain] o.apache.catalina.core.StandardEngine    : Starting Servlet engine: [Apache Tomcat/10.1.34]
2025-01-23T19:32:18.807-05:00  INFO 36130 --- [StudentClubManagement] [restartedMain] o.a.c.c.C.[Tomcat].[localhost].[/]       : Initializing Spring embedded WebApplicationContext
2025-01-23T19:32:18.807-05:00  INFO 36130 --- [StudentClubManagement] [restartedMain] w.s.c.ServletWebServerApplicationContext : Root WebApplicationContext: initialization completed in 595 ms
2025-01-23T19:32:18.884-05:00  INFO 36130 --- [StudentClubManagement] [restartedMain] o.hibernate.jpa.internal.util.LogHelper  : HHH000204: Processing PersistenceUnitInfo [name: default]
2025-01-23T19:32:18.912-05:00  INFO 36130 --- [StudentClubManagement] [restartedMain] org.hibernate.Version                    : HHH000412: Hibernate ORM core version 6.6.5.Final
2025-01-23T19:32:18.925-05:00  INFO 36130 --- [StudentClubManagement] [restartedMain] o.h.c.internal.RegionFactoryInitiator    : HHH000026: Second-level cache disabled
2025-01-23T19:32:19.028-05:00  INFO 36130 --- [StudentClubManagement] [restartedMain] o.s.o.j.p.SpringPersistenceUnitInfo      : No LoadTimeWeaver setup: ignoring JPA class transformer
2025-01-23T19:32:19.042-05:00  INFO 36130 --- [StudentClubManagement] [restartedMain] com.zaxxer.hikari.HikariDataSource       : HikariPool-1 - Starting...
2025-01-23T19:32:19.127-05:00  INFO 36130 --- [StudentClubManagement] [restartedMain] com.zaxxer.hikari.pool.HikariPool        : HikariPool-1 - Added connection com.mysql.cj.jdbc.ConnectionImpl@30eb3ad5
2025-01-23T19:32:19.127-05:00  INFO 36130 --- [StudentClubManagement] [restartedMain] com.zaxxer.hikari.HikariDataSource       : HikariPool-1 - Start completed.
2025-01-23T19:32:19.155-05:00  WARN 36130 --- [StudentClubManagement] [restartedMain] org.hibernate.orm.deprecation            : HHH90000025: MySQLDialect does not need to be specified explicitly using 'hibernate.dialect' (remove the property setting and it will be selected by default)
2025-01-23T19:32:19.162-05:00  INFO 36130 --- [StudentClubManagement] [restartedMain] org.hibernate.orm.connections.pooling    : HHH10001005: Database info:
	Database JDBC URL [Connecting through datasource 'HikariDataSource (HikariPool-1)']
	Database driver: undefined/unknown
	Database version: 9.1
	Autocommit mode: undefined/unknown
	Isolation level: undefined/unknown
	Minimum pool size: undefined/unknown
	Maximum pool size: undefined/unknown
2025-01-23T19:32:19.593-05:00  INFO 36130 --- [StudentClubManagement] [restartedMain] o.h.e.t.j.p.i.JtaPlatformInitiator       : HHH000489: No JTA platform available (set 'hibernate.transaction.jta.platform' to enable JTA platform integration)
2025-01-23T19:32:19.665-05:00  INFO 36130 --- [StudentClubManagement] [restartedMain] j.LocalContainerEntityManagerFactoryBean : Initialized JPA EntityManagerFactory for persistence unit 'default'
2025-01-23T19:32:19.842-05:00  WARN 36130 --- [StudentClubManagement] [restartedMain] JpaBaseConfiguration$JpaWebConfiguration : spring.jpa.open-in-view is enabled by default. Therefore, database queries may be performed during view rendering. Explicitly configure spring.jpa.open-in-view to disable this warning
2025-01-23T19:32:20.001-05:00  INFO 36130 --- [StudentClubManagement] [restartedMain] o.s.b.a.h2.H2ConsoleAutoConfiguration    : H2 console available at '/h2-console'. Database available at 'jdbc:mysql://localhost:3306/StudentClubManagement?useSSL=false&serverTimezone=UTC'
2025-01-23T19:32:20.032-05:00  INFO 36130 --- [StudentClubManagement] [restartedMain] r$InitializeUserDetailsManagerConfigurer : Global AuthenticationManager configured with UserDetailsService bean with name inMemoryUserDetailsManager
2025-01-23T19:32:20.088-05:00  INFO 36130 --- [StudentClubManagement] [restartedMain] o.s.b.d.a.OptionalLiveReloadServer       : LiveReload server is running on port 35729
2025-01-23T19:32:20.107-05:00  INFO 36130 --- [StudentClubManagement] [restartedMain] o.s.b.w.embedded.tomcat.TomcatWebServer  : Tomcat started on port 8261 (http) with context path '/'
2025-01-23T19:32:20.112-05:00  INFO 36130 --- [StudentClubManagement] [restartedMain] o.s.StudentClubManagementApplication     : Started StudentClubManagementApplication in 2.099 seconds (process running for 2.431)
2025-01-23T19:32:24.776-05:00  INFO 36130 --- [StudentClubManagement] [http-nio-8261-exec-1] o.a.c.c.C.[Tomcat].[localhost].[/]       : Initializing Spring DispatcherServlet 'dispatcherServlet'
2025-01-23T19:32:24.776-05:00  INFO 36130 --- [StudentClubManagement] [http-nio-8261-exec-1] o.s.web.servlet.DispatcherServlet        : Initializing Servlet 'dispatcherServlet'
2025-01-23T19:32:24.778-05:00  INFO 36130 --- [StudentClubManagement] [http-nio-8261-exec-1] o.s.web.servlet.DispatcherServlet        : Completed initialization in 2 ms
2025-01-23T19:32:25.268-05:00  INFO 36130 --- [StudentClubManagement] [http-nio-8261-exec-9] o.springdoc.api.AbstractOpenApiResource  : Init duration for springdoc-openapi is: 244 ms
2025-01-23T19:37:09.576-05:00  INFO 36130 --- [StudentClubManagement] [File Watcher] rtingClassPathChangeChangedEventListener : Restarting due to 1 class path change (0 additions, 0 deletions, 1 modification)
2025-01-23T19:37:09.590-05:00  INFO 36130 --- [StudentClubManagement] [Thread-5] o.s.b.w.e.tomcat.GracefulShutdown        : Commencing graceful shutdown. Waiting for active requests to complete
2025-01-23T19:37:09.594-05:00  INFO 36130 --- [StudentClubManagement] [tomcat-shutdown] o.s.b.w.e.tomcat.GracefulShutdown        : Graceful shutdown complete
2025-01-23T19:37:09.601-05:00  INFO 36130 --- [StudentClubManagement] [Thread-5] j.LocalContainerEntityManagerFactoryBean : Closing JPA EntityManagerFactory for persistence unit 'default'
2025-01-23T19:37:09.606-05:00  INFO 36130 --- [StudentClubManagement] [Thread-5] com.zaxxer.hikari.HikariDataSource       : HikariPool-1 - Shutdown initiated...
2025-01-23T19:37:09.615-05:00  INFO 36130 --- [StudentClubManagement] [Thread-5] com.zaxxer.hikari.HikariDataSource       : HikariPool-1 - Shutdown completed.
2025-01-23T19:37:09.680-05:00  INFO 36130 --- [StudentClubManagement] [restartedMain] o.s.StudentClubManagementApplication     : Starting StudentClubManagementApplication using Java 21 with PID 36130 (/Users/ranjith/Desktop/Projects/SCM/StudentClubManagment/server/StudentClubManagement/target/classes started by ranjith in /Users/ranjith/Desktop/Projects/SCM/StudentClubManagment/server/StudentClubManagement)
2025-01-23T19:37:09.680-05:00  INFO 36130 --- [StudentClubManagement] [restartedMain] o.s.StudentClubManagementApplication     : No active profile set, falling back to 1 default profile: "default"
2025-01-23T19:37:09.772-05:00  INFO 36130 --- [StudentClubManagement] [restartedMain] .s.d.r.c.RepositoryConfigurationDelegate : Bootstrapping Spring Data JPA repositories in DEFAULT mode.
2025-01-23T19:37:09.778-05:00  INFO 36130 --- [StudentClubManagement] [restartedMain] .s.d.r.c.RepositoryConfigurationDelegate : Finished Spring Data repository scanning in 6 ms. Found 8 JPA repository interfaces.
2025-01-23T19:37:09.865-05:00  INFO 36130 --- [StudentClubManagement] [restartedMain] o.s.b.w.embedded.tomcat.TomcatWebServer  : Tomcat initialized with port 8261 (http)
2025-01-23T19:37:09.866-05:00  INFO 36130 --- [StudentClubManagement] [restartedMain] o.apache.catalina.core.StandardService   : Starting service [Tomcat]
2025-01-23T19:37:09.866-05:00  INFO 36130 --- [StudentClubManagement] [restartedMain] o.apache.catalina.core.StandardEngine    : Starting Servlet engine: [Apache Tomcat/10.1.34]
2025-01-23T19:37:09.875-05:00  INFO 36130 --- [StudentClubManagement] [restartedMain] o.a.c.c.C.[Tomcat].[localhost].[/]       : Initializing Spring embedded WebApplicationContext
2025-01-23T19:37:09.876-05:00  INFO 36130 --- [StudentClubManagement] [restartedMain] w.s.c.ServletWebServerApplicationContext : Root WebApplicationContext: initialization completed in 194 ms
2025-01-23T19:37:09.904-05:00  INFO 36130 --- [StudentClubManagement] [restartedMain] o.hibernate.jpa.internal.util.LogHelper  : HHH000204: Processing PersistenceUnitInfo [name: default]
2025-01-23T19:37:09.905-05:00  INFO 36130 --- [StudentClubManagement] [restartedMain] o.h.c.internal.RegionFactoryInitiator    : HHH000026: Second-level cache disabled
2025-01-23T19:37:09.909-05:00  INFO 36130 --- [StudentClubManagement] [restartedMain] o.s.o.j.p.SpringPersistenceUnitInfo      : No LoadTimeWeaver setup: ignoring JPA class transformer
2025-01-23T19:37:09.910-05:00  INFO 36130 --- [StudentClubManagement] [restartedMain] com.zaxxer.hikari.HikariDataSource       : HikariPool-2 - Starting...
2025-01-23T19:37:09.938-05:00  INFO 36130 --- [StudentClubManagement] [restartedMain] com.zaxxer.hikari.pool.HikariPool        : HikariPool-2 - Added connection com.mysql.cj.jdbc.ConnectionImpl@2074717b
2025-01-23T19:37:09.938-05:00  INFO 36130 --- [StudentClubManagement] [restartedMain] com.zaxxer.hikari.HikariDataSource       : HikariPool-2 - Start completed.
2025-01-23T19:37:09.939-05:00  WARN 36130 --- [StudentClubManagement] [restartedMain] org.hibernate.orm.deprecation            : HHH90000025: MySQLDialect does not need to be specified explicitly using 'hibernate.dialect' (remove the property setting and it will be selected by default)
2025-01-23T19:37:09.939-05:00  INFO 36130 --- [StudentClubManagement] [restartedMain] org.hibernate.orm.connections.pooling    : HHH10001005: Database info:
	Database JDBC URL [Connecting through datasource 'HikariDataSource (HikariPool-2)']
	Database driver: undefined/unknown
	Database version: 9.1
	Autocommit mode: undefined/unknown
	Isolation level: undefined/unknown
	Minimum pool size: undefined/unknown
	Maximum pool size: undefined/unknown
2025-01-23T19:37:10.023-05:00  INFO 36130 --- [StudentClubManagement] [restartedMain] o.h.e.t.j.p.i.JtaPlatformInitiator       : HHH000489: No JTA platform available (set 'hibernate.transaction.jta.platform' to enable JTA platform integration)
2025-01-23T19:37:10.081-05:00  INFO 36130 --- [StudentClubManagement] [restartedMain] j.LocalContainerEntityManagerFactoryBean : Initialized JPA EntityManagerFactory for persistence unit 'default'
2025-01-23T19:37:10.142-05:00  WARN 36130 --- [StudentClubManagement] [restartedMain] JpaBaseConfiguration$JpaWebConfiguration : spring.jpa.open-in-view is enabled by default. Therefore, database queries may be performed during view rendering. Explicitly configure spring.jpa.open-in-view to disable this warning
2025-01-23T19:37:10.224-05:00  INFO 36130 --- [StudentClubManagement] [restartedMain] o.s.b.a.h2.H2ConsoleAutoConfiguration    : H2 console available at '/h2-console'. Database available at 'jdbc:mysql://localhost:3306/StudentClubManagement?useSSL=false&serverTimezone=UTC'
2025-01-23T19:37:10.233-05:00  INFO 36130 --- [StudentClubManagement] [restartedMain] r$InitializeUserDetailsManagerConfigurer : Global AuthenticationManager configured with UserDetailsService bean with name inMemoryUserDetailsManager
2025-01-23T19:37:10.244-05:00 DEBUG 36130 --- [StudentClubManagement] [restartedMain] o.s.s.web.DefaultSecurityFilterChain     : Will secure any request with filters: DisableEncodeUrlFilter, WebAsyncManagerIntegrationFilter, SecurityContextHolderFilter, HeaderWriterFilter, CsrfFilter, LogoutFilter, UsernamePasswordAuthenticationFilter, DefaultResourcesFilter, DefaultLoginPageGeneratingFilter, DefaultLogoutPageGeneratingFilter, BasicAuthenticationFilter, RequestCacheAwareFilter, SecurityContextHolderAwareRequestFilter, AnonymousAuthenticationFilter, ExceptionTranslationFilter, AuthorizationFilter
2025-01-23T19:37:10.249-05:00  INFO 36130 --- [StudentClubManagement] [restartedMain] o.s.b.d.a.OptionalLiveReloadServer       : LiveReload server is running on port 35729
2025-01-23T19:37:10.256-05:00  INFO 36130 --- [StudentClubManagement] [restartedMain] o.s.b.w.embedded.tomcat.TomcatWebServer  : Tomcat started on port 8261 (http) with context path '/'
2025-01-23T19:37:10.258-05:00  INFO 36130 --- [StudentClubManagement] [restartedMain] o.s.StudentClubManagementApplication     : Started StudentClubManagementApplication in 0.592 seconds (process running for 292.575)
2025-01-23T19:37:10.259-05:00  INFO 36130 --- [StudentClubManagement] [restartedMain] .ConditionEvaluationDeltaLoggingListener : Condition evaluation unchanged
2025-01-23T19:40:09.597-05:00  INFO 36130 --- [StudentClubManagement] [SpringApplicationShutdownHook] o.s.b.w.e.tomcat.GracefulShutdown        : Commencing graceful shutdown. Waiting for active requests to complete
2025-01-23T19:40:09.606-05:00  INFO 36130 --- [StudentClubManagement] [tomcat-shutdown] o.s.b.w.e.tomcat.GracefulShutdown        : Graceful shutdown complete
2025-01-23T19:40:09.613-05:00  INFO 36130 --- [StudentClubManagement] [SpringApplicationShutdownHook] j.LocalContainerEntityManagerFactoryBean : Closing JPA EntityManagerFactory for persistence unit 'default'
2025-01-23T19:40:09.618-05:00  INFO 36130 --- [StudentClubManagement] [SpringApplicationShutdownHook] com.zaxxer.hikari.HikariDataSource       : HikariPool-2 - Shutdown initiated...
2025-01-23T19:40:09.619-05:00  INFO 36130 --- [StudentClubManagement] [SpringApplicationShutdownHook] com.zaxxer.hikari.HikariDataSource       : HikariPool-2 - Shutdown completed.
2025-01-23T19:40:11.390-05:00  INFO 36242 --- [StudentClubManagement] [restartedMain] o.s.StudentClubManagementApplication     : Starting StudentClubManagementApplication using Java 21 with PID 36242 (/Users/ranjith/Desktop/Projects/SCM/StudentClubManagment/server/StudentClubManagement/target/classes started by ranjith in /Users/ranjith/Desktop/Projects/SCM/StudentClubManagment/server/StudentClubManagement)
2025-01-23T19:40:11.391-05:00  INFO 36242 --- [StudentClubManagement] [restartedMain] o.s.StudentClubManagementApplication     : No active profile set, falling back to 1 default profile: "default"
2025-01-23T19:40:11.409-05:00  INFO 36242 --- [StudentClubManagement] [restartedMain] .e.DevToolsPropertyDefaultsPostProcessor : Devtools property defaults active! Set 'spring.devtools.add-properties' to 'false' to disable
2025-01-23T19:40:11.409-05:00  INFO 36242 --- [StudentClubManagement] [restartedMain] .e.DevToolsPropertyDefaultsPostProcessor : For additional web related logging consider setting the 'logging.level.web' property to 'DEBUG'
2025-01-23T19:40:11.732-05:00  INFO 36242 --- [StudentClubManagement] [restartedMain] .s.d.r.c.RepositoryConfigurationDelegate : Bootstrapping Spring Data JPA repositories in DEFAULT mode.
2025-01-23T19:40:11.758-05:00  INFO 36242 --- [StudentClubManagement] [restartedMain] .s.d.r.c.RepositoryConfigurationDelegate : Finished Spring Data repository scanning in 22 ms. Found 8 JPA repository interfaces.
2025-01-23T19:40:11.985-05:00  INFO 36242 --- [StudentClubManagement] [restartedMain] o.s.b.w.embedded.tomcat.TomcatWebServer  : Tomcat initialized with port 8261 (http)
2025-01-23T19:40:11.991-05:00  INFO 36242 --- [StudentClubManagement] [restartedMain] o.apache.catalina.core.StandardService   : Starting service [Tomcat]
2025-01-23T19:40:11.991-05:00  INFO 36242 --- [StudentClubManagement] [restartedMain] o.apache.catalina.core.StandardEngine    : Starting Servlet engine: [Apache Tomcat/10.1.34]
2025-01-23T19:40:12.012-05:00  INFO 36242 --- [StudentClubManagement] [restartedMain] o.a.c.c.C.[Tomcat].[localhost].[/]       : Initializing Spring embedded WebApplicationContext
2025-01-23T19:40:12.012-05:00  INFO 36242 --- [StudentClubManagement] [restartedMain] w.s.c.ServletWebServerApplicationContext : Root WebApplicationContext: initialization completed in 603 ms
2025-01-23T19:40:12.093-05:00  INFO 36242 --- [StudentClubManagement] [restartedMain] o.hibernate.jpa.internal.util.LogHelper  : HHH000204: Processing PersistenceUnitInfo [name: default]
2025-01-23T19:40:12.121-05:00  INFO 36242 --- [StudentClubManagement] [restartedMain] org.hibernate.Version                    : HHH000412: Hibernate ORM core version 6.6.5.Final
2025-01-23T19:40:12.135-05:00  INFO 36242 --- [StudentClubManagement] [restartedMain] o.h.c.internal.RegionFactoryInitiator    : HHH000026: Second-level cache disabled
2025-01-23T19:40:12.241-05:00  INFO 36242 --- [StudentClubManagement] [restartedMain] o.s.o.j.p.SpringPersistenceUnitInfo      : No LoadTimeWeaver setup: ignoring JPA class transformer
2025-01-23T19:40:12.254-05:00  INFO 36242 --- [StudentClubManagement] [restartedMain] com.zaxxer.hikari.HikariDataSource       : HikariPool-1 - Starting...
2025-01-23T19:40:12.340-05:00  INFO 36242 --- [StudentClubManagement] [restartedMain] com.zaxxer.hikari.pool.HikariPool        : HikariPool-1 - Added connection com.mysql.cj.jdbc.ConnectionImpl@36d4bfa5
2025-01-23T19:40:12.340-05:00  INFO 36242 --- [StudentClubManagement] [restartedMain] com.zaxxer.hikari.HikariDataSource       : HikariPool-1 - Start completed.
2025-01-23T19:40:12.368-05:00  WARN 36242 --- [StudentClubManagement] [restartedMain] org.hibernate.orm.deprecation            : HHH90000025: MySQLDialect does not need to be specified explicitly using 'hibernate.dialect' (remove the property setting and it will be selected by default)
2025-01-23T19:40:12.375-05:00  INFO 36242 --- [StudentClubManagement] [restartedMain] org.hibernate.orm.connections.pooling    : HHH10001005: Database info:
	Database JDBC URL [Connecting through datasource 'HikariDataSource (HikariPool-1)']
	Database driver: undefined/unknown
	Database version: 9.1
	Autocommit mode: undefined/unknown
	Isolation level: undefined/unknown
	Minimum pool size: undefined/unknown
	Maximum pool size: undefined/unknown
2025-01-23T19:40:12.819-05:00  INFO 36242 --- [StudentClubManagement] [restartedMain] o.h.e.t.j.p.i.JtaPlatformInitiator       : HHH000489: No JTA platform available (set 'hibernate.transaction.jta.platform' to enable JTA platform integration)
2025-01-23T19:40:12.899-05:00  INFO 36242 --- [StudentClubManagement] [restartedMain] j.LocalContainerEntityManagerFactoryBean : Initialized JPA EntityManagerFactory for persistence unit 'default'
2025-01-23T19:40:13.073-05:00  WARN 36242 --- [StudentClubManagement] [restartedMain] JpaBaseConfiguration$JpaWebConfiguration : spring.jpa.open-in-view is enabled by default. Therefore, database queries may be performed during view rendering. Explicitly configure spring.jpa.open-in-view to disable this warning
2025-01-23T19:40:13.089-05:00  INFO 36242 --- [StudentClubManagement] [restartedMain] r$InitializeUserDetailsManagerConfigurer : Global AuthenticationManager configured with UserDetailsService bean with name inMemoryUserDetailsManager
2025-01-23T19:40:13.184-05:00 DEBUG 36242 --- [StudentClubManagement] [restartedMain] o.s.s.web.DefaultSecurityFilterChain     : Will secure any request with filters: DisableEncodeUrlFilter, WebAsyncManagerIntegrationFilter, SecurityContextHolderFilter, HeaderWriterFilter, LogoutFilter, RequestCacheAwareFilter, SecurityContextHolderAwareRequestFilter, AnonymousAuthenticationFilter, ExceptionTranslationFilter, AuthorizationFilter
2025-01-23T19:40:13.304-05:00  INFO 36242 --- [StudentClubManagement] [restartedMain] o.s.b.a.h2.H2ConsoleAutoConfiguration    : H2 console available at '/h2-console'. Database available at 'jdbc:mysql://localhost:3306/StudentClubManagement?useSSL=false&serverTimezone=UTC'
2025-01-23T19:40:13.325-05:00  INFO 36242 --- [StudentClubManagement] [restartedMain] o.s.b.d.a.OptionalLiveReloadServer       : LiveReload server is running on port 35729
2025-01-23T19:40:13.347-05:00  INFO 36242 --- [StudentClubManagement] [restartedMain] o.s.b.w.embedded.tomcat.TomcatWebServer  : Tomcat started on port 8261 (http) with context path '/'
2025-01-23T19:40:13.352-05:00  INFO 36242 --- [StudentClubManagement] [restartedMain] o.s.StudentClubManagementApplication     : Started StudentClubManagementApplication in 2.138 seconds (process running for 2.46)
2025-01-23T19:40:23.138-05:00  INFO 36242 --- [StudentClubManagement] [http-nio-8261-exec-1] o.a.c.c.C.[Tomcat].[localhost].[/]       : Initializing Spring DispatcherServlet 'dispatcherServlet'
2025-01-23T19:40:23.139-05:00  INFO 36242 --- [StudentClubManagement] [http-nio-8261-exec-1] o.s.web.servlet.DispatcherServlet        : Initializing Servlet 'dispatcherServlet'
2025-01-23T19:40:23.142-05:00  INFO 36242 --- [StudentClubManagement] [http-nio-8261-exec-1] o.s.web.servlet.DispatcherServlet        : Completed initialization in 3 ms
2025-01-23T19:40:23.152-05:00 DEBUG 36242 --- [StudentClubManagement] [http-nio-8261-exec-1] o.s.security.web.FilterChainProxy        : Securing POST /api/users
2025-01-23T19:40:23.158-05:00 DEBUG 36242 --- [StudentClubManagement] [http-nio-8261-exec-1] o.s.security.web.FilterChainProxy        : Secured POST /api/users
2025-01-23T19:40:23.284-05:00 DEBUG 36242 --- [StudentClubManagement] [http-nio-8261-exec-1] org.hibernate.SQL                        : 
    select
        u1_0.user_id,
        u1_0.address,
        u1_0.birthday,
        u1_0.created_at,
        u1_0.email,
        u1_0.first_name,
        u1_0.joined_clubs,
        u1_0.last_name,
        u1_0.password,
        u1_0.phone,
        u1_0.role,
        u1_0.updated_at 
    from
        user u1_0 
    where
        u1_0.email=?
2025-01-23T19:40:23.311-05:00 DEBUG 36242 --- [StudentClubManagement] [http-nio-8261-exec-1] org.hibernate.SQL                        : 
    insert 
    into
        user
        (address, birthday, created_at, email, first_name, joined_clubs, last_name, password, phone, role, updated_at) 
    values
        (?, ?, ?, ?, ?, ?, ?, ?, ?, ?, ?)
2025-01-23T19:40:23.356-05:00 DEBUG 36242 --- [StudentClubManagement] [http-nio-8261-exec-1] w.c.HttpSessionSecurityContextRepository : Retrieved SecurityContextImpl [Authentication=UsernamePasswordAuthenticationToken [Principal=org.springframework.security.core.userdetails.User [Username=admin, Password=[PROTECTED], Enabled=true, AccountNonExpired=true, CredentialsNonExpired=true, AccountNonLocked=true, Granted Authorities=[]], Credentials=[PROTECTED], Authenticated=true, Details=WebAuthenticationDetails [RemoteIpAddress=0:0:0:0:0:0:0:1, SessionId=AC807FD2D82735D52C665786ECA68091], Granted Authorities=[]]]
2025-01-23T19:41:14.134-05:00 DEBUG 36242 --- [StudentClubManagement] [http-nio-8261-exec-3] o.s.security.web.FilterChainProxy        : Securing POST /api/users
2025-01-23T19:41:14.139-05:00 DEBUG 36242 --- [StudentClubManagement] [http-nio-8261-exec-3] o.s.security.web.FilterChainProxy        : Secured POST /api/users
2025-01-23T19:41:14.155-05:00 DEBUG 36242 --- [StudentClubManagement] [http-nio-8261-exec-3] org.hibernate.SQL                        : 
    select
        u1_0.user_id,
        u1_0.address,
        u1_0.birthday,
        u1_0.created_at,
        u1_0.email,
        u1_0.first_name,
        u1_0.joined_clubs,
        u1_0.last_name,
        u1_0.password,
        u1_0.phone,
        u1_0.role,
        u1_0.updated_at 
    from
        user u1_0 
    where
        u1_0.email=?
2025-01-23T19:41:14.177-05:00 DEBUG 36242 --- [StudentClubManagement] [http-nio-8261-exec-3] w.c.HttpSessionSecurityContextRepository : Retrieved SecurityContextImpl [Authentication=UsernamePasswordAuthenticationToken [Principal=org.springframework.security.core.userdetails.User [Username=admin, Password=[PROTECTED], Enabled=true, AccountNonExpired=true, CredentialsNonExpired=true, AccountNonLocked=true, Granted Authorities=[]], Credentials=[PROTECTED], Authenticated=true, Details=WebAuthenticationDetails [RemoteIpAddress=0:0:0:0:0:0:0:1, SessionId=AC807FD2D82735D52C665786ECA68091], Granted Authorities=[]]]
2025-01-23T19:41:55.540-05:00 DEBUG 36242 --- [StudentClubManagement] [http-nio-8261-exec-5] o.s.security.web.FilterChainProxy        : Securing GET /swagger-ui/index.html
2025-01-23T19:41:55.541-05:00 DEBUG 36242 --- [StudentClubManagement] [http-nio-8261-exec-5] o.s.security.web.FilterChainProxy        : Secured GET /swagger-ui/index.html
2025-01-23T19:41:55.563-05:00 DEBUG 36242 --- [StudentClubManagement] [http-nio-8261-exec-5] w.c.HttpSessionSecurityContextRepository : Retrieved SecurityContextImpl [Authentication=UsernamePasswordAuthenticationToken [Principal=org.springframework.security.core.userdetails.User [Username=admin, Password=[PROTECTED], Enabled=true, AccountNonExpired=true, CredentialsNonExpired=true, AccountNonLocked=true, Granted Authorities=[]], Credentials=[PROTECTED], Authenticated=true, Details=WebAuthenticationDetails [RemoteIpAddress=0:0:0:0:0:0:0:1, SessionId=AC807FD2D82735D52C665786ECA68091], Granted Authorities=[]]]
2025-01-23T19:41:55.635-05:00 DEBUG 36242 --- [StudentClubManagement] [http-nio-8261-exec-6] o.s.security.web.FilterChainProxy        : Securing GET /swagger-ui/swagger-ui.css
2025-01-23T19:41:55.636-05:00 DEBUG 36242 --- [StudentClubManagement] [http-nio-8261-exec-6] o.s.security.web.FilterChainProxy        : Secured GET /swagger-ui/swagger-ui.css
2025-01-23T19:41:55.639-05:00 DEBUG 36242 --- [StudentClubManagement] [http-nio-8261-exec-7] o.s.security.web.FilterChainProxy        : Securing GET /swagger-ui/index.css
2025-01-23T19:41:55.639-05:00 DEBUG 36242 --- [StudentClubManagement] [http-nio-8261-exec-6] w.c.HttpSessionSecurityContextRepository : Retrieved SecurityContextImpl [Authentication=UsernamePasswordAuthenticationToken [Principal=org.springframework.security.core.userdetails.User [Username=admin, Password=[PROTECTED], Enabled=true, AccountNonExpired=true, CredentialsNonExpired=true, AccountNonLocked=true, Granted Authorities=[]], Credentials=[PROTECTED], Authenticated=true, Details=WebAuthenticationDetails [RemoteIpAddress=0:0:0:0:0:0:0:1, SessionId=AC807FD2D82735D52C665786ECA68091], Granted Authorities=[]]]
2025-01-23T19:41:55.639-05:00 DEBUG 36242 --- [StudentClubManagement] [http-nio-8261-exec-7] o.s.security.web.FilterChainProxy        : Secured GET /swagger-ui/index.css
2025-01-23T19:41:55.639-05:00 DEBUG 36242 --- [StudentClubManagement] [http-nio-8261-exec-9] o.s.security.web.FilterChainProxy        : Securing GET /swagger-ui/swagger-ui-standalone-preset.js
2025-01-23T19:41:55.639-05:00 DEBUG 36242 --- [StudentClubManagement] [http-nio-8261-exec-9] o.s.security.web.FilterChainProxy        : Secured GET /swagger-ui/swagger-ui-standalone-preset.js
2025-01-23T19:41:55.639-05:00 DEBUG 36242 --- [StudentClubManagement] [http-nio-8261-exec-8] o.s.security.web.FilterChainProxy        : Securing GET /swagger-ui/swagger-ui-bundle.js
2025-01-23T19:41:55.639-05:00 DEBUG 36242 --- [StudentClubManagement] [http-nio-8261-exec-8] o.s.security.web.FilterChainProxy        : Secured GET /swagger-ui/swagger-ui-bundle.js
2025-01-23T19:41:55.639-05:00 DEBUG 36242 --- [StudentClubManagement] [http-nio-8261-exec-10] o.s.security.web.FilterChainProxy        : Securing GET /swagger-ui/swagger-initializer.js
2025-01-23T19:41:55.639-05:00 DEBUG 36242 --- [StudentClubManagement] [http-nio-8261-exec-10] o.s.security.web.FilterChainProxy        : Secured GET /swagger-ui/swagger-initializer.js
2025-01-23T19:41:55.640-05:00 DEBUG 36242 --- [StudentClubManagement] [http-nio-8261-exec-7] w.c.HttpSessionSecurityContextRepository : Retrieved SecurityContextImpl [Authentication=UsernamePasswordAuthenticationToken [Principal=org.springframework.security.core.userdetails.User [Username=admin, Password=[PROTECTED], Enabled=true, AccountNonExpired=true, CredentialsNonExpired=true, AccountNonLocked=true, Granted Authorities=[]], Credentials=[PROTECTED], Authenticated=true, Details=WebAuthenticationDetails [RemoteIpAddress=0:0:0:0:0:0:0:1, SessionId=AC807FD2D82735D52C665786ECA68091], Granted Authorities=[]]]
2025-01-23T19:41:55.643-05:00 DEBUG 36242 --- [StudentClubManagement] [http-nio-8261-exec-9] w.c.HttpSessionSecurityContextRepository : Retrieved SecurityContextImpl [Authentication=UsernamePasswordAuthenticationToken [Principal=org.springframework.security.core.userdetails.User [Username=admin, Password=[PROTECTED], Enabled=true, AccountNonExpired=true, CredentialsNonExpired=true, AccountNonLocked=true, Granted Authorities=[]], Credentials=[PROTECTED], Authenticated=true, Details=WebAuthenticationDetails [RemoteIpAddress=0:0:0:0:0:0:0:1, SessionId=AC807FD2D82735D52C665786ECA68091], Granted Authorities=[]]]
2025-01-23T19:41:55.652-05:00 DEBUG 36242 --- [StudentClubManagement] [http-nio-8261-exec-8] w.c.HttpSessionSecurityContextRepository : Retrieved SecurityContextImpl [Authentication=UsernamePasswordAuthenticationToken [Principal=org.springframework.security.core.userdetails.User [Username=admin, Password=[PROTECTED], Enabled=true, AccountNonExpired=true, CredentialsNonExpired=true, AccountNonLocked=true, Granted Authorities=[]], Credentials=[PROTECTED], Authenticated=true, Details=WebAuthenticationDetails [RemoteIpAddress=0:0:0:0:0:0:0:1, SessionId=AC807FD2D82735D52C665786ECA68091], Granted Authorities=[]]]
2025-01-23T19:41:55.657-05:00 DEBUG 36242 --- [StudentClubManagement] [http-nio-8261-exec-10] w.c.HttpSessionSecurityContextRepository : Retrieved SecurityContextImpl [Authentication=UsernamePasswordAuthenticationToken [Principal=org.springframework.security.core.userdetails.User [Username=admin, Password=[PROTECTED], Enabled=true, AccountNonExpired=true, CredentialsNonExpired=true, AccountNonLocked=true, Granted Authorities=[]], Credentials=[PROTECTED], Authenticated=true, Details=WebAuthenticationDetails [RemoteIpAddress=0:0:0:0:0:0:0:1, SessionId=AC807FD2D82735D52C665786ECA68091], Granted Authorities=[]]]
2025-01-23T19:41:55.740-05:00 DEBUG 36242 --- [StudentClubManagement] [http-nio-8261-exec-1] o.s.security.web.FilterChainProxy        : Securing GET /api-docs/swagger-config
2025-01-23T19:41:55.741-05:00 DEBUG 36242 --- [StudentClubManagement] [http-nio-8261-exec-1] o.s.security.web.FilterChainProxy        : Secured GET /api-docs/swagger-config
2025-01-23T19:41:55.743-05:00 DEBUG 36242 --- [StudentClubManagement] [http-nio-8261-exec-2] o.s.security.web.FilterChainProxy        : Securing GET /swagger-ui/favicon-32x32.png
2025-01-23T19:41:55.744-05:00 DEBUG 36242 --- [StudentClubManagement] [http-nio-8261-exec-2] o.s.security.web.FilterChainProxy        : Secured GET /swagger-ui/favicon-32x32.png
2025-01-23T19:41:55.746-05:00 DEBUG 36242 --- [StudentClubManagement] [http-nio-8261-exec-2] w.c.HttpSessionSecurityContextRepository : Retrieved SecurityContextImpl [Authentication=UsernamePasswordAuthenticationToken [Principal=org.springframework.security.core.userdetails.User [Username=admin, Password=[PROTECTED], Enabled=true, AccountNonExpired=true, CredentialsNonExpired=true, AccountNonLocked=true, Granted Authorities=[]], Credentials=[PROTECTED], Authenticated=true, Details=WebAuthenticationDetails [RemoteIpAddress=0:0:0:0:0:0:0:1, SessionId=AC807FD2D82735D52C665786ECA68091], Granted Authorities=[]]]
2025-01-23T19:41:55.748-05:00 DEBUG 36242 --- [StudentClubManagement] [http-nio-8261-exec-1] w.c.HttpSessionSecurityContextRepository : Retrieved SecurityContextImpl [Authentication=UsernamePasswordAuthenticationToken [Principal=org.springframework.security.core.userdetails.User [Username=admin, Password=[PROTECTED], Enabled=true, AccountNonExpired=true, CredentialsNonExpired=true, AccountNonLocked=true, Granted Authorities=[]], Credentials=[PROTECTED], Authenticated=true, Details=WebAuthenticationDetails [RemoteIpAddress=0:0:0:0:0:0:0:1, SessionId=AC807FD2D82735D52C665786ECA68091], Granted Authorities=[]]]
2025-01-23T19:41:55.758-05:00 DEBUG 36242 --- [StudentClubManagement] [http-nio-8261-exec-3] o.s.security.web.FilterChainProxy        : Securing GET /api-docs
2025-01-23T19:41:55.759-05:00 DEBUG 36242 --- [StudentClubManagement] [http-nio-8261-exec-3] o.s.security.web.FilterChainProxy        : Secured GET /api-docs
2025-01-23T19:41:56.001-05:00  INFO 36242 --- [StudentClubManagement] [http-nio-8261-exec-3] o.springdoc.api.AbstractOpenApiResource  : Init duration for springdoc-openapi is: 235 ms
2025-01-23T19:41:56.006-05:00 DEBUG 36242 --- [StudentClubManagement] [http-nio-8261-exec-3] w.c.HttpSessionSecurityContextRepository : Retrieved SecurityContextImpl [Authentication=UsernamePasswordAuthenticationToken [Principal=org.springframework.security.core.userdetails.User [Username=admin, Password=[PROTECTED], Enabled=true, AccountNonExpired=true, CredentialsNonExpired=true, AccountNonLocked=true, Granted Authorities=[]], Credentials=[PROTECTED], Authenticated=true, Details=WebAuthenticationDetails [RemoteIpAddress=0:0:0:0:0:0:0:1, SessionId=AC807FD2D82735D52C665786ECA68091], Granted Authorities=[]]]
2025-01-23T19:42:50.276-05:00 DEBUG 36242 --- [StudentClubManagement] [http-nio-8261-exec-8] o.s.security.web.FilterChainProxy        : Securing POST /api/users
2025-01-23T19:42:50.292-05:00 DEBUG 36242 --- [StudentClubManagement] [http-nio-8261-exec-8] o.s.security.web.FilterChainProxy        : Secured POST /api/users
2025-01-23T19:42:50.303-05:00 DEBUG 36242 --- [StudentClubManagement] [http-nio-8261-exec-8] org.hibernate.SQL                        : 
    select
        u1_0.user_id,
        u1_0.address,
        u1_0.birthday,
        u1_0.created_at,
        u1_0.email,
        u1_0.first_name,
        u1_0.joined_clubs,
        u1_0.last_name,
        u1_0.password,
        u1_0.phone,
        u1_0.role,
        u1_0.updated_at 
    from
        user u1_0 
    where
        u1_0.email=?
2025-01-23T19:42:50.313-05:00 DEBUG 36242 --- [StudentClubManagement] [http-nio-8261-exec-8] org.hibernate.SQL                        : 
    insert 
    into
        user
        (address, birthday, created_at, email, first_name, joined_clubs, last_name, password, phone, role, updated_at) 
    values
        (?, ?, ?, ?, ?, ?, ?, ?, ?, ?, ?)
2025-01-23T19:42:50.320-05:00 DEBUG 36242 --- [StudentClubManagement] [http-nio-8261-exec-8] w.c.HttpSessionSecurityContextRepository : Retrieved SecurityContextImpl [Authentication=UsernamePasswordAuthenticationToken [Principal=org.springframework.security.core.userdetails.User [Username=admin, Password=[PROTECTED], Enabled=true, AccountNonExpired=true, CredentialsNonExpired=true, AccountNonLocked=true, Granted Authorities=[]], Credentials=[PROTECTED], Authenticated=true, Details=WebAuthenticationDetails [RemoteIpAddress=0:0:0:0:0:0:0:1, SessionId=AC807FD2D82735D52C665786ECA68091], Granted Authorities=[]]]
2025-01-23T19:44:06.699-05:00 DEBUG 36242 --- [StudentClubManagement] [http-nio-8261-exec-2] o.s.security.web.FilterChainProxy        : Securing GET /api/users
2025-01-23T19:44:06.703-05:00 DEBUG 36242 --- [StudentClubManagement] [http-nio-8261-exec-2] o.s.security.web.FilterChainProxy        : Secured GET /api/users
2025-01-23T19:44:06.731-05:00 DEBUG 36242 --- [StudentClubManagement] [http-nio-8261-exec-2] org.hibernate.SQL                        : 
    select
        u1_0.user_id,
        u1_0.address,
        u1_0.birthday,
        u1_0.created_at,
        u1_0.email,
        u1_0.first_name,
        u1_0.joined_clubs,
        u1_0.last_name,
        u1_0.password,
        u1_0.phone,
        u1_0.role,
        u1_0.updated_at 
    from
        user u1_0
2025-01-23T19:44:06.748-05:00 DEBUG 36242 --- [StudentClubManagement] [http-nio-8261-exec-2] org.hibernate.SQL                        : 
    select
        uc1_0.user_id,
        uc1_0.id,
        uc1_0.club_id,
        c1_0.club_id,
        c1_0.available_slots,
        c1_0.club_name,
        c1_0.created_at,
        c1_0.description,
        c1_0.no_of_members,
        c1_0.total_slots,
        c1_0.updated_at,
        uc1_0.joined_date,
        uc1_0.termination_date,
        uc1_0.updated_at 
    from
        user_club uc1_0 
    left join
        club c1_0 
            on c1_0.club_id=uc1_0.club_id 
    where
        uc1_0.user_id=?
2025-01-23T19:44:06.754-05:00 DEBUG 36242 --- [StudentClubManagement] [http-nio-8261-exec-2] org.hibernate.SQL                        : 
    select
        cr1_0.user_id,
        cr1_0.id,
        cr1_0.club_id,
        c1_0.club_id,
        c1_0.available_slots,
        c1_0.club_name,
        c1_0.created_at,
        c1_0.description,
        c1_0.no_of_members,
        c1_0.total_slots,
        c1_0.updated_at,
        cr1_0.comment,
        cr1_0.created_at,
        cr1_0.status,
        cr1_0.updated_at 
    from
        club_request cr1_0 
    left join
        club c1_0 
            on c1_0.club_id=cr1_0.club_id 
    where
        cr1_0.user_id=?
2025-01-23T19:44:06.757-05:00 DEBUG 36242 --- [StudentClubManagement] [http-nio-8261-exec-2] org.hibernate.SQL                        : 
    select
        a1_0.user_id,
        a1_0.id,
        a1_0.club_id,
        c1_0.club_id,
        c1_0.available_slots,
        c1_0.club_name,
        c1_0.created_at,
        c1_0.description,
        c1_0.no_of_members,
        c1_0.total_slots,
        c1_0.updated_at,
        a1_0.content,
        a1_0.created_at,
        a1_0.title,
        a1_0.type,
        a1_0.updated_at 
    from
        announcement a1_0 
    left join
        club c1_0 
            on c1_0.club_id=a1_0.club_id 
    where
        a1_0.user_id=?
2025-01-23T19:44:06.759-05:00 DEBUG 36242 --- [StudentClubManagement] [http-nio-8261-exec-2] org.hibernate.SQL                        : 
    select
        q1_0.user_id,
        q1_0.question_id,
        c1_0.club_id,
        c1_0.available_slots,
        c1_0.club_name,
        c1_0.created_at,
        c1_0.description,
        c1_0.no_of_members,
        c1_0.total_slots,
        c1_0.updated_at,
        q1_0.created_at,
        q1_0.question,
        q1_0.title,
        q1_0.updated_at,
        q1_0.upvote_count 
    from
        question q1_0 
    left join
        club c1_0 
            on c1_0.club_id=q1_0.club_id 
    where
        q1_0.user_id=?
2025-01-23T19:44:06.761-05:00 DEBUG 36242 --- [StudentClubManagement] [http-nio-8261-exec-2] org.hibernate.SQL                        : 
    select
        a1_0.user_id,
        a1_0.answer_id,
        a1_0.answer,
        a1_0.club_id,
        c1_0.club_id,
        c1_0.available_slots,
        c1_0.club_name,
        c1_0.created_at,
        c1_0.description,
        c1_0.no_of_members,
        c1_0.total_slots,
        c1_0.updated_at,
        a1_0.created_at,
        a1_0.question_id,
        q1_0.question_id,
        c2_0.club_id,
        c2_0.available_slots,
        c2_0.club_name,
        c2_0.created_at,
        c2_0.description,
        c2_0.no_of_members,
        c2_0.total_slots,
        c2_0.updated_at,
        q1_0.created_at,
        q1_0.question,
        q1_0.title,
        q1_0.updated_at,
        q1_0.upvote_count,
        q1_0.user_id,
        u1_0.user_id,
        u1_0.address,
        u1_0.birthday,
        u1_0.created_at,
        u1_0.email,
        u1_0.first_name,
        u1_0.joined_clubs,
        u1_0.last_name,
        u1_0.password,
        u1_0.phone,
        u1_0.role,
        u1_0.updated_at,
        a1_0.updated_at 
    from
        answer a1_0 
    left join
        club c1_0 
            on c1_0.club_id=a1_0.club_id 
    left join
        question q1_0 
            on q1_0.question_id=a1_0.question_id 
    left join
        club c2_0 
            on c2_0.club_id=q1_0.club_id 
    left join
        user u1_0 
            on u1_0.user_id=q1_0.user_id 
    where
        a1_0.user_id=?
2025-01-23T19:44:06.769-05:00 DEBUG 36242 --- [StudentClubManagement] [http-nio-8261-exec-2] org.hibernate.SQL                        : 
    select
        car1_0.club_admin_id,
        car1_0.request_id,
        car1_0.club_id,
        c1_0.club_id,
        c1_0.available_slots,
        c1_0.club_name,
        c1_0.created_at,
        c1_0.description,
        c1_0.no_of_members,
        c1_0.total_slots,
        c1_0.updated_at,
        car1_0.club_admin_approval_status,
        car1_0.created_at,
        car1_0.reviewer_id,
        r1_0.user_id,
        r1_0.address,
        r1_0.birthday,
        r1_0.created_at,
        r1_0.email,
        r1_0.first_name,
        r1_0.joined_clubs,
        r1_0.last_name,
        r1_0.password,
        r1_0.phone,
        r1_0.role,
        r1_0.updated_at,
        car1_0.super_admin_approval_status,
        car1_0.updated_at 
    from
        club_admin_request car1_0 
    left join
        club c1_0 
            on c1_0.club_id=car1_0.club_id 
    left join
        user r1_0 
            on r1_0.user_id=car1_0.reviewer_id 
    where
        car1_0.club_admin_id=?
2025-01-23T19:44:06.772-05:00 DEBUG 36242 --- [StudentClubManagement] [http-nio-8261-exec-2] org.hibernate.SQL                        : 
    select
        uc1_0.user_id,
        uc1_0.id,
        uc1_0.club_id,
        c1_0.club_id,
        c1_0.available_slots,
        c1_0.club_name,
        c1_0.created_at,
        c1_0.description,
        c1_0.no_of_members,
        c1_0.total_slots,
        c1_0.updated_at,
        uc1_0.joined_date,
        uc1_0.termination_date,
        uc1_0.updated_at 
    from
        user_club uc1_0 
    left join
        club c1_0 
            on c1_0.club_id=uc1_0.club_id 
    where
        uc1_0.user_id=?
2025-01-23T19:44:06.773-05:00 DEBUG 36242 --- [StudentClubManagement] [http-nio-8261-exec-2] org.hibernate.SQL                        : 
    select
        cr1_0.user_id,
        cr1_0.id,
        cr1_0.club_id,
        c1_0.club_id,
        c1_0.available_slots,
        c1_0.club_name,
        c1_0.created_at,
        c1_0.description,
        c1_0.no_of_members,
        c1_0.total_slots,
        c1_0.updated_at,
        cr1_0.comment,
        cr1_0.created_at,
        cr1_0.status,
        cr1_0.updated_at 
    from
        club_request cr1_0 
    left join
        club c1_0 
            on c1_0.club_id=cr1_0.club_id 
    where
        cr1_0.user_id=?
2025-01-23T19:44:06.773-05:00 DEBUG 36242 --- [StudentClubManagement] [http-nio-8261-exec-2] org.hibernate.SQL                        : 
    select
        a1_0.user_id,
        a1_0.id,
        a1_0.club_id,
        c1_0.club_id,
        c1_0.available_slots,
        c1_0.club_name,
        c1_0.created_at,
        c1_0.description,
        c1_0.no_of_members,
        c1_0.total_slots,
        c1_0.updated_at,
        a1_0.content,
        a1_0.created_at,
        a1_0.title,
        a1_0.type,
        a1_0.updated_at 
    from
        announcement a1_0 
    left join
        club c1_0 
            on c1_0.club_id=a1_0.club_id 
    where
        a1_0.user_id=?
2025-01-23T19:44:06.774-05:00 DEBUG 36242 --- [StudentClubManagement] [http-nio-8261-exec-2] org.hibernate.SQL                        : 
    select
        q1_0.user_id,
        q1_0.question_id,
        c1_0.club_id,
        c1_0.available_slots,
        c1_0.club_name,
        c1_0.created_at,
        c1_0.description,
        c1_0.no_of_members,
        c1_0.total_slots,
        c1_0.updated_at,
        q1_0.created_at,
        q1_0.question,
        q1_0.title,
        q1_0.updated_at,
        q1_0.upvote_count 
    from
        question q1_0 
    left join
        club c1_0 
            on c1_0.club_id=q1_0.club_id 
    where
        q1_0.user_id=?
2025-01-23T19:44:06.775-05:00 DEBUG 36242 --- [StudentClubManagement] [http-nio-8261-exec-2] org.hibernate.SQL                        : 
    select
        a1_0.user_id,
        a1_0.answer_id,
        a1_0.answer,
        a1_0.club_id,
        c1_0.club_id,
        c1_0.available_slots,
        c1_0.club_name,
        c1_0.created_at,
        c1_0.description,
        c1_0.no_of_members,
        c1_0.total_slots,
        c1_0.updated_at,
        a1_0.created_at,
        a1_0.question_id,
        q1_0.question_id,
        c2_0.club_id,
        c2_0.available_slots,
        c2_0.club_name,
        c2_0.created_at,
        c2_0.description,
        c2_0.no_of_members,
        c2_0.total_slots,
        c2_0.updated_at,
        q1_0.created_at,
        q1_0.question,
        q1_0.title,
        q1_0.updated_at,
        q1_0.upvote_count,
        q1_0.user_id,
        u1_0.user_id,
        u1_0.address,
        u1_0.birthday,
        u1_0.created_at,
        u1_0.email,
        u1_0.first_name,
        u1_0.joined_clubs,
        u1_0.last_name,
        u1_0.password,
        u1_0.phone,
        u1_0.role,
        u1_0.updated_at,
        a1_0.updated_at 
    from
        answer a1_0 
    left join
        club c1_0 
            on c1_0.club_id=a1_0.club_id 
    left join
        question q1_0 
            on q1_0.question_id=a1_0.question_id 
    left join
        club c2_0 
            on c2_0.club_id=q1_0.club_id 
    left join
        user u1_0 
            on u1_0.user_id=q1_0.user_id 
    where
        a1_0.user_id=?
2025-01-23T19:44:06.776-05:00 DEBUG 36242 --- [StudentClubManagement] [http-nio-8261-exec-2] org.hibernate.SQL                        : 
    select
        car1_0.club_admin_id,
        car1_0.request_id,
        car1_0.club_id,
        c1_0.club_id,
        c1_0.available_slots,
        c1_0.club_name,
        c1_0.created_at,
        c1_0.description,
        c1_0.no_of_members,
        c1_0.total_slots,
        c1_0.updated_at,
        car1_0.club_admin_approval_status,
        car1_0.created_at,
        car1_0.reviewer_id,
        r1_0.user_id,
        r1_0.address,
        r1_0.birthday,
        r1_0.created_at,
        r1_0.email,
        r1_0.first_name,
        r1_0.joined_clubs,
        r1_0.last_name,
        r1_0.password,
        r1_0.phone,
        r1_0.role,
        r1_0.updated_at,
        car1_0.super_admin_approval_status,
        car1_0.updated_at 
    from
        club_admin_request car1_0 
    left join
        club c1_0 
            on c1_0.club_id=car1_0.club_id 
    left join
        user r1_0 
            on r1_0.user_id=car1_0.reviewer_id 
    where
        car1_0.club_admin_id=?
2025-01-23T19:44:06.777-05:00 DEBUG 36242 --- [StudentClubManagement] [http-nio-8261-exec-2] w.c.HttpSessionSecurityContextRepository : Retrieved SecurityContextImpl [Authentication=UsernamePasswordAuthenticationToken [Principal=org.springframework.security.core.userdetails.User [Username=admin, Password=[PROTECTED], Enabled=true, AccountNonExpired=true, CredentialsNonExpired=true, AccountNonLocked=true, Granted Authorities=[]], Credentials=[PROTECTED], Authenticated=true, Details=WebAuthenticationDetails [RemoteIpAddress=0:0:0:0:0:0:0:1, SessionId=AC807FD2D82735D52C665786ECA68091], Granted Authorities=[]]]
2025-01-23T19:44:37.368-05:00  INFO 36242 --- [StudentClubManagement] [SpringApplicationShutdownHook] o.s.b.w.e.tomcat.GracefulShutdown        : Commencing graceful shutdown. Waiting for active requests to complete
2025-01-23T19:44:37.371-05:00  INFO 36242 --- [StudentClubManagement] [tomcat-shutdown] o.s.b.w.e.tomcat.GracefulShutdown        : Graceful shutdown complete
2025-01-23T19:44:37.379-05:00  INFO 36242 --- [StudentClubManagement] [SpringApplicationShutdownHook] j.LocalContainerEntityManagerFactoryBean : Closing JPA EntityManagerFactory for persistence unit 'default'
2025-01-23T19:44:37.383-05:00  INFO 36242 --- [StudentClubManagement] [SpringApplicationShutdownHook] com.zaxxer.hikari.HikariDataSource       : HikariPool-1 - Shutdown initiated...
2025-01-23T19:44:37.391-05:00  INFO 36242 --- [StudentClubManagement] [SpringApplicationShutdownHook] com.zaxxer.hikari.HikariDataSource       : HikariPool-1 - Shutdown completed.
